{"/Users/joatin/GitHub/eventific/packages/command/src/CommandManager.ts": {"path":"/Users/joatin/GitHub/eventific/packages/command/src/CommandManager.ts","statementMap":{"0":{"start":{"line":14,"column":2},"end":{"line":37,"column":4}},"1":{"start":{"line":15,"column":4},"end":{"line":36,"column":6}},"2":{"start":{"line":15,"column":25},"end":{"line":15,"column":36}},"3":{"start":{"line":15,"column":11},"end":{"line":36,"column":4}},"4":{"start":{"line":21,"column":6},"end":{"line":21,"column":29}},"5":{"start":{"line":17,"column":13},"end":{"line":19,"column":7}},"6":{"start":{"line":18,"column":8},"end":{"line":18,"column":33}},"7":{"start":{"line":23,"column":12},"end":{"line":32,"column":7}},"8":{"start":{"line":24,"column":11},"end":{"line":24,"column":22}},"9":{"start":{"line":25,"column":10},"end":{"line":25,"column":29}},"10":{"start":{"line":25,"column":10},"end":{"line":25,"column":30}},"11":{"start":{"line":27,"column":8},"end":{"line":31,"column":9}},"12":{"start":{"line":27,"column":16},"end":{"line":27,"column":25}},"13":{"start":{"line":28,"column":10},"end":{"line":30,"column":13}},"14":{"start":{"line":29,"column":12},"end":{"line":29,"column":55}},"15":{"start":{"line":29,"column":12},"end":{"line":29,"column":56}},"16":{"start":{"line":36,"column":4},"end":{"line":36,"column":5}},"17":{"start":{"line":12,"column":0},"end":{"line":38,"column":1}}},"fnMap":{"0":{"name":"CommandManager","decl":{"start":{"line":12,"column":0},"end":{"line":12,"column":30}},"loc":{"start":{"line":12,"column":61},"end":{"line":38,"column":1}}},"1":{"name":"(anonymous_18)","decl":{"start":{"line":14,"column":9},"end":{"line":14,"column":46}},"loc":{"start":{"line":14,"column":61},"end":{"line":37,"column":3}}},"2":{"name":"(anonymous_19)","decl":{"start":{"line":15,"column":10},"end":{"line":null,"column":-1}},"loc":{"start":{"line":15,"column":10},"end":{"line":15,"column":11}}},"3":{"name":"class_1","decl":{"start":{"line":15,"column":11},"end":{"line":null,"column":-1}},"loc":{"start":{"line":15,"column":11},"end":{"line":36,"column":5}}},"4":{"name":"(anonymous_21)","decl":{"start":{"line":17,"column":6},"end":{"line":null,"column":-1}},"loc":{"start":{"line":17,"column":6},"end":{"line":19,"column":7}}},"5":{"name":"(anonymous_22)","decl":{"start":{"line":23,"column":6},"end":{"line":null,"column":-1}},"loc":{"start":{"line":23,"column":6},"end":{"line":32,"column":7}}},"6":{"name":"(anonymous_25)","decl":{"start":{"line":28,"column":30},"end":{"line":28,"column":36}},"loc":{"start":{"line":28,"column":45},"end":{"line":30,"column":11}}}},"branchMap":{"0":{"loc":{"start":{"line":15,"column":11},"end":{"line":36,"column":4}},"type":"binary-expr","locations":[{"start":{"line":15,"column":11},"end":{"line":36,"column":4}},{"start":{"line":15,"column":11},"end":{"line":36,"column":4}},{"start":{"line":15,"column":11},"end":{"line":36,"column":4}}]}},"s":{"0":0,"1":0,"2":0,"3":0,"4":0,"5":0,"6":0,"7":0,"8":0,"9":0,"10":0,"11":0,"12":0,"13":0,"14":0,"15":0,"16":0,"17":1},"f":{"0":0,"1":0,"2":0,"3":0,"4":0,"5":0,"6":0},"b":{"0":[0,0,0]}}
,"/Users/joatin/GitHub/eventific/packages/core/src/Aggregate.ts": {"path":"/Users/joatin/GitHub/eventific/packages/core/src/Aggregate.ts","statementMap":{"0":{"start":{"line":1,"column":0},"end":{"line":1,"column":26}},"1":{"start":{"line":5,"column":0},"end":{"line":5,"column":71}},"2":{"start":{"line":19,"column":2},"end":{"line":55,"column":4}},"3":{"start":{"line":20,"column":4},"end":{"line":54,"column":6}},"4":{"start":{"line":20,"column":25},"end":{"line":20,"column":36}},"5":{"start":{"line":20,"column":11},"end":{"line":54,"column":4}},"6":{"start":{"line":22,"column":6},"end":{"line":22,"column":26}},"7":{"start":{"line":23,"column":6},"end":{"line":23,"column":135}},"8":{"start":{"line":23,"column":117},"end":{"line":23,"column":132}},"9":{"start":{"line":24,"column":6},"end":{"line":24,"column":126}},"10":{"start":{"line":24,"column":110},"end":{"line":24,"column":123}},"11":{"start":{"line":26,"column":12},"end":{"line":37,"column":7}},"12":{"start":{"line":27,"column":40},"end":{"line":27,"column":83}},"13":{"start":{"line":27,"column":14},"end":{"line":27,"column":83}},"14":{"start":{"line":29,"column":14},"end":{"line":29,"column":80}},"15":{"start":{"line":30,"column":11},"end":{"line":30,"column":22}},"16":{"start":{"line":31,"column":16},"end":{"line":31,"column":75}},"17":{"start":{"line":32,"column":25},"end":{"line":32,"column":84}},"18":{"start":{"line":32,"column":16},"end":{"line":32,"column":84}},"19":{"start":{"line":33,"column":10},"end":{"line":33,"column":68}},"20":{"start":{"line":33,"column":10},"end":{"line":33,"column":69}},"21":{"start":{"line":35,"column":10},"end":{"line":35,"column":88}},"22":{"start":{"line":39,"column":12},"end":{"line":41,"column":7}},"23":{"start":{"line":40,"column":8},"end":{"line":40,"column":39}},"24":{"start":{"line":43,"column":12},"end":{"line":53,"column":7}},"25":{"start":{"line":44,"column":8},"end":{"line":52,"column":11}},"26":{"start":{"line":45,"column":10},"end":{"line":51,"column":12}},"27":{"start":{"line":46,"column":12},"end":{"line":50,"column":13}},"28":{"start":{"line":47,"column":14},"end":{"line":47,"column":28}},"29":{"start":{"line":49,"column":14},"end":{"line":49,"column":31}},"30":{"start":{"line":54,"column":4},"end":{"line":54,"column":5}},"31":{"start":{"line":18,"column":0},"end":{"line":56,"column":1}}},"fnMap":{"0":{"name":"Aggregate","decl":{"start":{"line":18,"column":0},"end":{"line":18,"column":25}},"loc":{"start":{"line":18,"column":51},"end":{"line":56,"column":1}}},"1":{"name":"(anonymous_18)","decl":{"start":{"line":19,"column":9},"end":{"line":19,"column":46}},"loc":{"start":{"line":19,"column":61},"end":{"line":55,"column":3}}},"2":{"name":"(anonymous_19)","decl":{"start":{"line":20,"column":10},"end":{"line":null,"column":-1}},"loc":{"start":{"line":20,"column":10},"end":{"line":20,"column":11}}},"3":{"name":"class_1","decl":{"start":{"line":20,"column":11},"end":{"line":null,"column":-1}},"loc":{"start":{"line":20,"column":11},"end":{"line":54,"column":5}}},"4":{"name":"(anonymous_21)","decl":{"start":{"line":23,"column":110},"end":{"line":23,"column":109}},"loc":{"start":{"line":23,"column":113},"end":{"line":23,"column":132}}},"5":{"name":"(anonymous_22)","decl":{"start":{"line":24,"column":104},"end":{"line":24,"column":103}},"loc":{"start":{"line":24,"column":106},"end":{"line":24,"column":123}}},"6":{"name":"(anonymous_23)","decl":{"start":{"line":26,"column":6},"end":{"line":26,"column":26}},"loc":{"start":{"line":26,"column":57},"end":{"line":37,"column":7}}},"7":{"name":"(anonymous_26)","decl":{"start":{"line":39,"column":6},"end":{"line":39,"column":23}},"loc":{"start":{"line":39,"column":43},"end":{"line":41,"column":7}}},"8":{"name":"(anonymous_29)","decl":{"start":{"line":43,"column":6},"end":{"line":43,"column":28}},"loc":{"start":{"line":43,"column":48},"end":{"line":53,"column":7}}},"9":{"name":"(anonymous_32)","decl":{"start":{"line":44,"column":43},"end":{"line":44,"column":43}},"loc":{"start":{"line":44,"column":59},"end":{"line":52,"column":9}}},"10":{"name":"(anonymous_33)","decl":{"start":{"line":45,"column":54},"end":{"line":45,"column":54}},"loc":{"start":{"line":45,"column":85},"end":{"line":51,"column":11}}}},"branchMap":{"0":{"loc":{"start":{"line":20,"column":11},"end":{"line":54,"column":4}},"type":"binary-expr","locations":[{"start":{"line":20,"column":11},"end":{"line":54,"column":4}},{"start":{"line":20,"column":11},"end":{"line":54,"column":4}},{"start":{"line":20,"column":11},"end":{"line":54,"column":4}}]},"1":{"loc":{"start":{"line":46,"column":12},"end":{"line":50,"column":13}},"type":"if","locations":[{"start":{"line":46,"column":12},"end":{"line":50,"column":13}},{"start":{"line":46,"column":12},"end":{"line":50,"column":13}}]}},"s":{"0":1,"1":1,"2":1,"3":1,"4":1,"5":0,"6":0,"7":0,"8":0,"9":0,"10":0,"11":1,"12":0,"13":0,"14":0,"15":0,"16":0,"17":0,"18":0,"19":0,"20":0,"21":0,"22":1,"23":0,"24":1,"25":0,"26":0,"27":0,"28":0,"29":0,"30":1,"31":1},"f":{"0":1,"1":1,"2":1,"3":0,"4":0,"5":0,"6":0,"7":0,"8":0,"9":0,"10":0},"b":{"0":[0,0,0],"1":[0,0]}}
,"/Users/joatin/GitHub/eventific/packages/core/src/Command.ts": {"path":"/Users/joatin/GitHub/eventific/packages/core/src/Command.ts","statementMap":{"0":{"start":{"line":1,"column":13},"end":{"line":1,"column":2787}},"1":{"start":{"line":1,"column":2787},"end":{"line":1,"column":2800}},"2":{"start":{"line":2,"column":16},"end":{"line":11,"column":3}},"3":{"start":{"line":3,"column":24},"end":{"line":5,"column":76}},"4":{"start":{"line":4,"column":59},"end":{"line":4,"column":75}},"5":{"start":{"line":5,"column":21},"end":{"line":5,"column":75}},"6":{"start":{"line":5,"column":38},"end":{"line":5,"column":75}},"7":{"start":{"line":5,"column":63},"end":{"line":5,"column":75}},"8":{"start":{"line":6,"column":4},"end":{"line":10,"column":6}},"9":{"start":{"line":7,"column":8},"end":{"line":7,"column":28}},"10":{"start":{"line":8,"column":23},"end":{"line":8,"column":44}},"11":{"start":{"line":9,"column":8},"end":{"line":9,"column":93}},"12":{"start":{"line":12,"column":0},"end":{"line":12,"column":62}},"13":{"start":{"line":13,"column":31},"end":{"line":17,"column":3}},"14":{"start":{"line":16,"column":4},"end":{"line":16,"column":23}},"15":{"start":{"line":18,"column":0},"end":{"line":18,"column":34}},"16":{"start":{"line":20,"column":4},"end":{"line":33,"column":6}},"17":{"start":{"line":21,"column":8},"end":{"line":31,"column":11}},"18":{"start":{"line":22,"column":12},"end":{"line":22,"column":39}},"19":{"start":{"line":24,"column":28},"end":{"line":24,"column":84}},"20":{"start":{"line":25,"column":16},"end":{"line":25,"column":42}},"21":{"start":{"line":26,"column":16},"end":{"line":26,"column":29}},"22":{"start":{"line":28,"column":12},"end":{"line":28,"column":27}},"23":{"start":{"line":35,"column":0},"end":{"line":35,"column":26}}},"fnMap":{"0":{"name":"(anonymous_0)","decl":{"start":{"line":2,"column":42},"end":{"line":2,"column":43}},"loc":{"start":{"line":2,"column":54},"end":{"line":11,"column":1}},"line":2},"1":{"name":"(anonymous_1)","decl":{"start":{"line":4,"column":42},"end":{"line":4,"column":43}},"loc":{"start":{"line":4,"column":58},"end":{"line":4,"column":76}},"line":4},"2":{"name":"(anonymous_2)","decl":{"start":{"line":5,"column":4},"end":{"line":5,"column":5}},"loc":{"start":{"line":5,"column":20},"end":{"line":5,"column":76}},"line":5},"3":{"name":"(anonymous_3)","decl":{"start":{"line":6,"column":11},"end":{"line":6,"column":12}},"loc":{"start":{"line":6,"column":27},"end":{"line":10,"column":5}},"line":6},"4":{"name":"__","decl":{"start":{"line":8,"column":17},"end":{"line":8,"column":19}},"loc":{"start":{"line":8,"column":22},"end":{"line":8,"column":45}},"line":8},"5":{"name":"(anonymous_5)","decl":{"start":{"line":13,"column":31},"end":{"line":13,"column":32}},"loc":{"start":{"line":13,"column":43},"end":{"line":17,"column":1}},"line":13},"6":{"name":"BaseCommand","decl":{"start":{"line":14,"column":13},"end":{"line":14,"column":24}},"loc":{"start":{"line":14,"column":27},"end":{"line":15,"column":5}},"line":14},"7":{"name":"Command","decl":{"start":{"line":19,"column":9},"end":{"line":19,"column":16}},"loc":{"start":{"line":19,"column":26},"end":{"line":34,"column":1}},"line":19},"8":{"name":"(anonymous_8)","decl":{"start":{"line":20,"column":11},"end":{"line":20,"column":12}},"loc":{"start":{"line":20,"column":34},"end":{"line":33,"column":5}},"line":20},"9":{"name":"(anonymous_9)","decl":{"start":{"line":21,"column":33},"end":{"line":21,"column":34}},"loc":{"start":{"line":21,"column":51},"end":{"line":29,"column":9}},"line":21},"10":{"name":"class_1","decl":{"start":{"line":23,"column":21},"end":{"line":23,"column":28}},"loc":{"start":{"line":23,"column":31},"end":{"line":27,"column":13}},"line":23}},"branchMap":{"0":{"loc":{"start":{"line":2,"column":16},"end":{"line":11,"column":3}},"type":"binary-expr","locations":[{"start":{"line":2,"column":16},"end":{"line":2,"column":20}},{"start":{"line":2,"column":24},"end":{"line":2,"column":38}},{"start":{"line":2,"column":42},"end":{"line":11,"column":3}}],"line":2},"1":{"loc":{"start":{"line":3,"column":24},"end":{"line":5,"column":76}},"type":"binary-expr","locations":[{"start":{"line":3,"column":24},"end":{"line":3,"column":45}},{"start":{"line":4,"column":4},"end":{"line":4,"column":38}},{"start":{"line":4,"column":42},"end":{"line":4,"column":76}},{"start":{"line":5,"column":4},"end":{"line":5,"column":76}}],"line":3},"2":{"loc":{"start":{"line":5,"column":38},"end":{"line":5,"column":75}},"type":"if","locations":[{"start":{"line":5,"column":38},"end":{"line":5,"column":75}},{"start":{"line":5,"column":38},"end":{"line":5,"column":75}}],"line":5},"3":{"loc":{"start":{"line":9,"column":22},"end":{"line":9,"column":92}},"type":"cond-expr","locations":[{"start":{"line":9,"column":35},"end":{"line":9,"column":51}},{"start":{"line":9,"column":55},"end":{"line":9,"column":91}}],"line":9},"4":{"loc":{"start":{"line":24,"column":28},"end":{"line":24,"column":84}},"type":"binary-expr","locations":[{"start":{"line":24,"column":28},"end":{"line":24,"column":43}},{"start":{"line":24,"column":47},"end":{"line":24,"column":76}},{"start":{"line":24,"column":80},"end":{"line":24,"column":84}}],"line":24}},"s":{"0":0,"1":0,"2":0,"3":0,"4":0,"5":0,"6":0,"7":0,"8":0,"9":0,"10":0,"11":0,"12":0,"13":0,"14":0,"15":0,"16":0,"17":0,"18":0,"19":0,"20":0,"21":0,"22":0,"23":0},"f":{"0":0,"1":0,"2":0,"3":0,"4":0,"5":0,"6":0,"7":0,"8":0,"9":0,"10":0},"b":{"0":[0,0,0],"1":[0,0,0,0],"2":[0,0],"3":[0,0],"4":[0,0,0]}}
,"/Users/joatin/GitHub/eventific/packages/core/src/CommandMessage.ts": {"path":"/Users/joatin/GitHub/eventific/packages/core/src/CommandMessage.ts","statementMap":{"0":{"start":{"line":1,"column":0},"end":{"line":1,"column":26}},"1":{"start":{"line":13,"column":13},"end":{"line":21,"column":3}}},"fnMap":{},"branchMap":{},"s":{"0":1,"1":1},"f":{},"b":{}}
,"/Users/joatin/GitHub/eventific/packages/core/src/Event.ts": {"path":"/Users/joatin/GitHub/eventific/packages/core/src/Event.ts","statementMap":{"0":{"start":{"line":1,"column":13},"end":{"line":1,"column":3129}},"1":{"start":{"line":1,"column":3129},"end":{"line":1,"column":3142}},"2":{"start":{"line":2,"column":16},"end":{"line":11,"column":3}},"3":{"start":{"line":3,"column":24},"end":{"line":5,"column":76}},"4":{"start":{"line":4,"column":59},"end":{"line":4,"column":75}},"5":{"start":{"line":5,"column":21},"end":{"line":5,"column":75}},"6":{"start":{"line":5,"column":38},"end":{"line":5,"column":75}},"7":{"start":{"line":5,"column":63},"end":{"line":5,"column":75}},"8":{"start":{"line":6,"column":4},"end":{"line":10,"column":6}},"9":{"start":{"line":7,"column":8},"end":{"line":7,"column":28}},"10":{"start":{"line":8,"column":23},"end":{"line":8,"column":44}},"11":{"start":{"line":9,"column":8},"end":{"line":9,"column":93}},"12":{"start":{"line":12,"column":0},"end":{"line":12,"column":62}},"13":{"start":{"line":13,"column":29},"end":{"line":17,"column":3}},"14":{"start":{"line":16,"column":4},"end":{"line":16,"column":21}},"15":{"start":{"line":18,"column":0},"end":{"line":18,"column":30}},"16":{"start":{"line":25,"column":4},"end":{"line":38,"column":6}},"17":{"start":{"line":26,"column":8},"end":{"line":36,"column":11}},"18":{"start":{"line":27,"column":12},"end":{"line":27,"column":39}},"19":{"start":{"line":29,"column":28},"end":{"line":29,"column":84}},"20":{"start":{"line":30,"column":16},"end":{"line":30,"column":42}},"21":{"start":{"line":31,"column":16},"end":{"line":31,"column":29}},"22":{"start":{"line":33,"column":12},"end":{"line":33,"column":27}},"23":{"start":{"line":40,"column":0},"end":{"line":40,"column":22}}},"fnMap":{"0":{"name":"(anonymous_0)","decl":{"start":{"line":2,"column":42},"end":{"line":2,"column":43}},"loc":{"start":{"line":2,"column":54},"end":{"line":11,"column":1}},"line":2},"1":{"name":"(anonymous_1)","decl":{"start":{"line":4,"column":42},"end":{"line":4,"column":43}},"loc":{"start":{"line":4,"column":58},"end":{"line":4,"column":76}},"line":4},"2":{"name":"(anonymous_2)","decl":{"start":{"line":5,"column":4},"end":{"line":5,"column":5}},"loc":{"start":{"line":5,"column":20},"end":{"line":5,"column":76}},"line":5},"3":{"name":"(anonymous_3)","decl":{"start":{"line":6,"column":11},"end":{"line":6,"column":12}},"loc":{"start":{"line":6,"column":27},"end":{"line":10,"column":5}},"line":6},"4":{"name":"__","decl":{"start":{"line":8,"column":17},"end":{"line":8,"column":19}},"loc":{"start":{"line":8,"column":22},"end":{"line":8,"column":45}},"line":8},"5":{"name":"(anonymous_5)","decl":{"start":{"line":13,"column":29},"end":{"line":13,"column":30}},"loc":{"start":{"line":13,"column":41},"end":{"line":17,"column":1}},"line":13},"6":{"name":"BaseEvent","decl":{"start":{"line":14,"column":13},"end":{"line":14,"column":22}},"loc":{"start":{"line":14,"column":25},"end":{"line":15,"column":5}},"line":14},"7":{"name":"Event","decl":{"start":{"line":24,"column":9},"end":{"line":24,"column":14}},"loc":{"start":{"line":24,"column":24},"end":{"line":39,"column":1}},"line":24},"8":{"name":"(anonymous_8)","decl":{"start":{"line":25,"column":11},"end":{"line":25,"column":12}},"loc":{"start":{"line":25,"column":34},"end":{"line":38,"column":5}},"line":25},"9":{"name":"(anonymous_9)","decl":{"start":{"line":26,"column":33},"end":{"line":26,"column":34}},"loc":{"start":{"line":26,"column":51},"end":{"line":34,"column":9}},"line":26},"10":{"name":"class_1","decl":{"start":{"line":28,"column":21},"end":{"line":28,"column":28}},"loc":{"start":{"line":28,"column":31},"end":{"line":32,"column":13}},"line":28}},"branchMap":{"0":{"loc":{"start":{"line":2,"column":16},"end":{"line":11,"column":3}},"type":"binary-expr","locations":[{"start":{"line":2,"column":16},"end":{"line":2,"column":20}},{"start":{"line":2,"column":24},"end":{"line":2,"column":38}},{"start":{"line":2,"column":42},"end":{"line":11,"column":3}}],"line":2},"1":{"loc":{"start":{"line":3,"column":24},"end":{"line":5,"column":76}},"type":"binary-expr","locations":[{"start":{"line":3,"column":24},"end":{"line":3,"column":45}},{"start":{"line":4,"column":4},"end":{"line":4,"column":38}},{"start":{"line":4,"column":42},"end":{"line":4,"column":76}},{"start":{"line":5,"column":4},"end":{"line":5,"column":76}}],"line":3},"2":{"loc":{"start":{"line":5,"column":38},"end":{"line":5,"column":75}},"type":"if","locations":[{"start":{"line":5,"column":38},"end":{"line":5,"column":75}},{"start":{"line":5,"column":38},"end":{"line":5,"column":75}}],"line":5},"3":{"loc":{"start":{"line":9,"column":22},"end":{"line":9,"column":92}},"type":"cond-expr","locations":[{"start":{"line":9,"column":35},"end":{"line":9,"column":51}},{"start":{"line":9,"column":55},"end":{"line":9,"column":91}}],"line":9},"4":{"loc":{"start":{"line":29,"column":28},"end":{"line":29,"column":84}},"type":"binary-expr","locations":[{"start":{"line":29,"column":28},"end":{"line":29,"column":43}},{"start":{"line":29,"column":47},"end":{"line":29,"column":76}},{"start":{"line":29,"column":80},"end":{"line":29,"column":84}}],"line":29}},"s":{"0":0,"1":0,"2":0,"3":0,"4":0,"5":0,"6":0,"7":0,"8":0,"9":0,"10":0,"11":0,"12":0,"13":0,"14":0,"15":0,"16":0,"17":0,"18":0,"19":0,"20":0,"21":0,"22":0,"23":0},"f":{"0":0,"1":0,"2":0,"3":0,"4":0,"5":0,"6":0,"7":0,"8":0,"9":0,"10":0},"b":{"0":[0,0,0],"1":[0,0,0,0],"2":[0,0],"3":[0,0],"4":[0,0,0]}}
,"/Users/joatin/GitHub/eventific/packages/core/src/Store.ts": {"path":"/Users/joatin/GitHub/eventific/packages/core/src/Store.ts","statementMap":{"0":{"start":{"line":1,"column":13},"end":{"line":1,"column":598}},"1":{"start":{"line":1,"column":598},"end":{"line":1,"column":611}},"2":{"start":{"line":2,"column":0},"end":{"line":2,"column":62}}},"fnMap":{},"branchMap":{},"s":{"0":0,"1":0,"2":0},"f":{},"b":{}}
,"/Users/joatin/GitHub/eventific/packages/core/src/Transport.ts": {"path":"/Users/joatin/GitHub/eventific/packages/core/src/Transport.ts","statementMap":{"0":{"start":{"line":1,"column":13},"end":{"line":1,"column":650}},"1":{"start":{"line":1,"column":650},"end":{"line":1,"column":663}},"2":{"start":{"line":2,"column":0},"end":{"line":2,"column":62}}},"fnMap":{},"branchMap":{},"s":{"0":0,"1":0,"2":0},"f":{},"b":{}}
,"/Users/joatin/GitHub/eventific/packages/core/src/bootstrap.ts": {"path":"/Users/joatin/GitHub/eventific/packages/core/src/bootstrap.ts","statementMap":{"0":{"start":{"line":1,"column":13},"end":{"line":1,"column":1363}},"1":{"start":{"line":1,"column":1363},"end":{"line":1,"column":1376}},"2":{"start":{"line":2,"column":0},"end":{"line":2,"column":62}},"3":{"start":{"line":4,"column":4},"end":{"line":9,"column":5}},"4":{"start":{"line":5,"column":8},"end":{"line":8,"column":9}},"5":{"start":{"line":6,"column":23},"end":{"line":6,"column":42}},"6":{"start":{"line":7,"column":12},"end":{"line":7,"column":26}},"7":{"start":{"line":11,"column":0},"end":{"line":11,"column":30}}},"fnMap":{"0":{"name":"bootstrap","decl":{"start":{"line":3,"column":9},"end":{"line":3,"column":18}},"loc":{"start":{"line":3,"column":25},"end":{"line":10,"column":1}},"line":3}},"branchMap":{"0":{"loc":{"start":{"line":4,"column":4},"end":{"line":9,"column":5}},"type":"if","locations":[{"start":{"line":4,"column":4},"end":{"line":9,"column":5}},{"start":{"line":4,"column":4},"end":{"line":9,"column":5}}],"line":4},"1":{"loc":{"start":{"line":4,"column":8},"end":{"line":4,"column":72}},"type":"binary-expr","locations":[{"start":{"line":4,"column":8},"end":{"line":4,"column":17}},{"start":{"line":4,"column":21},"end":{"line":4,"column":38}},{"start":{"line":4,"column":42},"end":{"line":4,"column":72}}],"line":4},"2":{"loc":{"start":{"line":5,"column":8},"end":{"line":8,"column":9}},"type":"if","locations":[{"start":{"line":5,"column":8},"end":{"line":8,"column":9}},{"start":{"line":5,"column":8},"end":{"line":8,"column":9}}],"line":5}},"s":{"0":0,"1":0,"2":0,"3":0,"4":0,"5":0,"6":0,"7":0},"f":{"0":0},"b":{"0":[0,0],"1":[0,0,0],"2":[0,0]}}
,"/Users/joatin/GitHub/eventific/packages/core/src/index.ts": {"path":"/Users/joatin/GitHub/eventific/packages/core/src/index.ts","statementMap":{"0":{"start":{"line":1,"column":13},"end":{"line":1,"column":1572}},"1":{"start":{"line":1,"column":1572},"end":{"line":1,"column":1585}},"2":{"start":{"line":2,"column":0},"end":{"line":2,"column":62}},"3":{"start":{"line":3,"column":14},"end":{"line":3,"column":32}},"4":{"start":{"line":4,"column":0},"end":{"line":4,"column":30}},"5":{"start":{"line":5,"column":18},"end":{"line":5,"column":40}},"6":{"start":{"line":6,"column":0},"end":{"line":6,"column":42}},"7":{"start":{"line":7,"column":18},"end":{"line":7,"column":40}},"8":{"start":{"line":8,"column":0},"end":{"line":8,"column":42}},"9":{"start":{"line":9,"column":18},"end":{"line":9,"column":40}},"10":{"start":{"line":10,"column":0},"end":{"line":10,"column":42}},"11":{"start":{"line":11,"column":0},"end":{"line":11,"column":56}},"12":{"start":{"line":12,"column":0},"end":{"line":12,"column":44}},"13":{"start":{"line":13,"column":23},"end":{"line":13,"column":50}},"14":{"start":{"line":14,"column":0},"end":{"line":14,"column":57}}},"fnMap":{},"branchMap":{},"s":{"0":0,"1":0,"2":0,"3":0,"4":0,"5":0,"6":0,"7":0,"8":0,"9":0,"10":0,"11":0,"12":0,"13":0,"14":0},"f":{},"b":{}}
,"/Users/joatin/GitHub/eventific/packages/rest-transport/src/RestTransport.ts": {"path":"/Users/joatin/GitHub/eventific/packages/rest-transport/src/RestTransport.ts","statementMap":{"0":{"start":{"line":1,"column":13},"end":{"line":1,"column":3926}},"1":{"start":{"line":1,"column":3926},"end":{"line":1,"column":3939}},"2":{"start":{"line":2,"column":16},"end":{"line":9,"column":1}},"3":{"start":{"line":3,"column":4},"end":{"line":8,"column":7}},"4":{"start":{"line":4,"column":35},"end":{"line":4,"column":92}},"5":{"start":{"line":4,"column":40},"end":{"line":4,"column":68}},"6":{"start":{"line":4,"column":81},"end":{"line":4,"column":91}},"7":{"start":{"line":5,"column":34},"end":{"line":5,"column":95}},"8":{"start":{"line":5,"column":39},"end":{"line":5,"column":71}},"9":{"start":{"line":5,"column":84},"end":{"line":5,"column":94}},"10":{"start":{"line":6,"column":31},"end":{"line":6,"column":146}},"11":{"start":{"line":6,"column":95},"end":{"line":6,"column":117}},"12":{"start":{"line":7,"column":8},"end":{"line":7,"column":78}},"13":{"start":{"line":10,"column":18},"end":{"line":36,"column":1}},"14":{"start":{"line":11,"column":12},"end":{"line":11,"column":102}},"15":{"start":{"line":11,"column":43},"end":{"line":11,"column":68}},"16":{"start":{"line":11,"column":57},"end":{"line":11,"column":68}},"17":{"start":{"line":11,"column":68},"end":{"line":11,"column":80}},"18":{"start":{"line":12,"column":4},"end":{"line":12,"column":156}},"19":{"start":{"line":12,"column":138},"end":{"line":12,"column":150}},"20":{"start":{"line":13,"column":22},"end":{"line":13,"column":65}},"21":{"start":{"line":13,"column":43},"end":{"line":13,"column":63}},"22":{"start":{"line":15,"column":8},"end":{"line":15,"column":70}},"23":{"start":{"line":15,"column":15},"end":{"line":15,"column":70}},"24":{"start":{"line":16,"column":8},"end":{"line":33,"column":61}},"25":{"start":{"line":16,"column":18},"end":{"line":33,"column":61}},"26":{"start":{"line":17,"column":12},"end":{"line":17,"column":127}},"27":{"start":{"line":17,"column":118},"end":{"line":17,"column":127}},"28":{"start":{"line":18,"column":12},"end":{"line":18,"column":44}},"29":{"start":{"line":18,"column":26},"end":{"line":18,"column":44}},"30":{"start":{"line":19,"column":12},"end":{"line":30,"column":43}},"31":{"start":{"line":20,"column":30},"end":{"line":20,"column":37}},"32":{"start":{"line":20,"column":37},"end":{"line":20,"column":43}},"33":{"start":{"line":21,"column":23},"end":{"line":21,"column":33}},"34":{"start":{"line":21,"column":33},"end":{"line":21,"column":70}},"35":{"start":{"line":22,"column":23},"end":{"line":22,"column":33}},"36":{"start":{"line":22,"column":33},"end":{"line":22,"column":43}},"37":{"start":{"line":22,"column":43},"end":{"line":22,"column":52}},"38":{"start":{"line":22,"column":52},"end":{"line":22,"column":61}},"39":{"start":{"line":23,"column":23},"end":{"line":23,"column":40}},"40":{"start":{"line":23,"column":40},"end":{"line":23,"column":53}},"41":{"start":{"line":23,"column":53},"end":{"line":23,"column":62}},"42":{"start":{"line":25,"column":20},"end":{"line":25,"column":125}},"43":{"start":{"line":25,"column":109},"end":{"line":25,"column":115}},"44":{"start":{"line":25,"column":115},"end":{"line":25,"column":124}},"45":{"start":{"line":26,"column":20},"end":{"line":26,"column":101}},"46":{"start":{"line":26,"column":78},"end":{"line":26,"column":94}},"47":{"start":{"line":26,"column":94},"end":{"line":26,"column":100}},"48":{"start":{"line":27,"column":20},"end":{"line":27,"column":85}},"49":{"start":{"line":27,"column":56},"end":{"line":27,"column":71}},"50":{"start":{"line":27,"column":71},"end":{"line":27,"column":78}},"51":{"start":{"line":27,"column":78},"end":{"line":27,"column":84}},"52":{"start":{"line":28,"column":20},"end":{"line":28,"column":83}},"53":{"start":{"line":28,"column":46},"end":{"line":28,"column":61}},"54":{"start":{"line":28,"column":61},"end":{"line":28,"column":76}},"55":{"start":{"line":28,"column":76},"end":{"line":28,"column":82}},"56":{"start":{"line":29,"column":20},"end":{"line":29,"column":42}},"57":{"start":{"line":29,"column":30},"end":{"line":29,"column":42}},"58":{"start":{"line":30,"column":20},"end":{"line":30,"column":33}},"59":{"start":{"line":30,"column":33},"end":{"line":30,"column":42}},"60":{"start":{"line":32,"column":12},"end":{"line":32,"column":39}},"61":{"start":{"line":33,"column":21},"end":{"line":33,"column":33}},"62":{"start":{"line":33,"column":33},"end":{"line":33,"column":39}},"63":{"start":{"line":33,"column":50},"end":{"line":33,"column":60}},"64":{"start":{"line":34,"column":8},"end":{"line":34,"column":35}},"65":{"start":{"line":34,"column":23},"end":{"line":34,"column":35}},"66":{"start":{"line":34,"column":35},"end":{"line":34,"column":88}},"67":{"start":{"line":37,"column":0},"end":{"line":37,"column":62}},"68":{"start":{"line":38,"column":33},"end":{"line":51,"column":3}},"69":{"start":{"line":41,"column":4},"end":{"line":47,"column":6}},"70":{"start":{"line":42,"column":8},"end":{"line":46,"column":11}},"71":{"start":{"line":43,"column":12},"end":{"line":45,"column":15}},"72":{"start":{"line":44,"column":16},"end":{"line":44,"column":49}},"73":{"start":{"line":48,"column":4},"end":{"line":49,"column":6}},"74":{"start":{"line":50,"column":4},"end":{"line":50,"column":25}},"75":{"start":{"line":52,"column":0},"end":{"line":52,"column":38}}},"fnMap":{"0":{"name":"(anonymous_0)","decl":{"start":{"line":2,"column":42},"end":{"line":2,"column":43}},"loc":{"start":{"line":2,"column":87},"end":{"line":9,"column":1}},"line":2},"1":{"name":"(anonymous_1)","decl":{"start":{"line":3,"column":36},"end":{"line":3,"column":37}},"loc":{"start":{"line":3,"column":63},"end":{"line":8,"column":5}},"line":3},"2":{"name":"fulfilled","decl":{"start":{"line":4,"column":17},"end":{"line":4,"column":26}},"loc":{"start":{"line":4,"column":34},"end":{"line":4,"column":93}},"line":4},"3":{"name":"rejected","decl":{"start":{"line":5,"column":17},"end":{"line":5,"column":25}},"loc":{"start":{"line":5,"column":33},"end":{"line":5,"column":96}},"line":5},"4":{"name":"step","decl":{"start":{"line":6,"column":17},"end":{"line":6,"column":21}},"loc":{"start":{"line":6,"column":30},"end":{"line":6,"column":147}},"line":6},"5":{"name":"(anonymous_5)","decl":{"start":{"line":6,"column":75},"end":{"line":6,"column":76}},"loc":{"start":{"line":6,"column":94},"end":{"line":6,"column":118}},"line":6},"6":{"name":"(anonymous_6)","decl":{"start":{"line":10,"column":46},"end":{"line":10,"column":47}},"loc":{"start":{"line":10,"column":71},"end":{"line":36,"column":1}},"line":10},"7":{"name":"(anonymous_7)","decl":{"start":{"line":11,"column":30},"end":{"line":11,"column":31}},"loc":{"start":{"line":11,"column":42},"end":{"line":11,"column":81}},"line":11},"8":{"name":"(anonymous_8)","decl":{"start":{"line":12,"column":125},"end":{"line":12,"column":126}},"loc":{"start":{"line":12,"column":137},"end":{"line":12,"column":151}},"line":12},"9":{"name":"verb","decl":{"start":{"line":13,"column":13},"end":{"line":13,"column":17}},"loc":{"start":{"line":13,"column":21},"end":{"line":13,"column":66}},"line":13},"10":{"name":"(anonymous_10)","decl":{"start":{"line":13,"column":29},"end":{"line":13,"column":30}},"loc":{"start":{"line":13,"column":42},"end":{"line":13,"column":64}},"line":13},"11":{"name":"step","decl":{"start":{"line":14,"column":13},"end":{"line":14,"column":17}},"loc":{"start":{"line":14,"column":22},"end":{"line":35,"column":5}},"line":14},"12":{"name":"(anonymous_12)","decl":{"start":{"line":38,"column":33},"end":{"line":38,"column":34}},"loc":{"start":{"line":38,"column":45},"end":{"line":51,"column":1}},"line":38},"13":{"name":"RestTransport","decl":{"start":{"line":39,"column":13},"end":{"line":39,"column":26}},"loc":{"start":{"line":39,"column":29},"end":{"line":40,"column":5}},"line":39},"14":{"name":"(anonymous_14)","decl":{"start":{"line":41,"column":36},"end":{"line":41,"column":37}},"loc":{"start":{"line":41,"column":48},"end":{"line":47,"column":5}},"line":41},"15":{"name":"(anonymous_15)","decl":{"start":{"line":42,"column":47},"end":{"line":42,"column":48}},"loc":{"start":{"line":42,"column":59},"end":{"line":46,"column":9}},"line":42},"16":{"name":"(anonymous_16)","decl":{"start":{"line":43,"column":37},"end":{"line":43,"column":38}},"loc":{"start":{"line":43,"column":51},"end":{"line":45,"column":13}},"line":43},"17":{"name":"(anonymous_17)","decl":{"start":{"line":48,"column":40},"end":{"line":48,"column":41}},"loc":{"start":{"line":48,"column":59},"end":{"line":49,"column":5}},"line":48}},"branchMap":{"0":{"loc":{"start":{"line":2,"column":16},"end":{"line":9,"column":1}},"type":"binary-expr","locations":[{"start":{"line":2,"column":16},"end":{"line":2,"column":20}},{"start":{"line":2,"column":24},"end":{"line":2,"column":38}},{"start":{"line":2,"column":42},"end":{"line":9,"column":1}}],"line":2},"1":{"loc":{"start":{"line":3,"column":16},"end":{"line":3,"column":34}},"type":"binary-expr","locations":[{"start":{"line":3,"column":16},"end":{"line":3,"column":17}},{"start":{"line":3,"column":22},"end":{"line":3,"column":33}}],"line":3},"2":{"loc":{"start":{"line":6,"column":31},"end":{"line":6,"column":145}},"type":"cond-expr","locations":[{"start":{"line":6,"column":45},"end":{"line":6,"column":66}},{"start":{"line":6,"column":69},"end":{"line":6,"column":145}}],"line":6},"3":{"loc":{"start":{"line":7,"column":51},"end":{"line":7,"column":67}},"type":"binary-expr","locations":[{"start":{"line":7,"column":51},"end":{"line":7,"column":61}},{"start":{"line":7,"column":65},"end":{"line":7,"column":67}}],"line":7},"4":{"loc":{"start":{"line":10,"column":18},"end":{"line":36,"column":1}},"type":"binary-expr","locations":[{"start":{"line":10,"column":18},"end":{"line":10,"column":22}},{"start":{"line":10,"column":26},"end":{"line":10,"column":42}},{"start":{"line":10,"column":46},"end":{"line":36,"column":1}}],"line":10},"5":{"loc":{"start":{"line":11,"column":43},"end":{"line":11,"column":68}},"type":"if","locations":[{"start":{"line":11,"column":43},"end":{"line":11,"column":68}},{"start":{"line":11,"column":43},"end":{"line":11,"column":68}}],"line":11},"6":{"loc":{"start":{"line":12,"column":71},"end":{"line":12,"column":152}},"type":"binary-expr","locations":[{"start":{"line":12,"column":71},"end":{"line":12,"column":99}},{"start":{"line":12,"column":104},"end":{"line":12,"column":151}}],"line":12},"7":{"loc":{"start":{"line":15,"column":8},"end":{"line":15,"column":70}},"type":"if","locations":[{"start":{"line":15,"column":8},"end":{"line":15,"column":70}},{"start":{"line":15,"column":8},"end":{"line":15,"column":70}}],"line":15},"8":{"loc":{"start":{"line":17,"column":12},"end":{"line":17,"column":127}},"type":"if","locations":[{"start":{"line":17,"column":12},"end":{"line":17,"column":127}},{"start":{"line":17,"column":12},"end":{"line":17,"column":127}}],"line":17},"9":{"loc":{"start":{"line":17,"column":23},"end":{"line":17,"column":116}},"type":"binary-expr","locations":[{"start":{"line":17,"column":23},"end":{"line":17,"column":24}},{"start":{"line":17,"column":29},"end":{"line":17,"column":83}},{"start":{"line":17,"column":88},"end":{"line":17,"column":116}}],"line":17},"10":{"loc":{"start":{"line":17,"column":35},"end":{"line":17,"column":82}},"type":"cond-expr","locations":[{"start":{"line":17,"column":47},"end":{"line":17,"column":55}},{"start":{"line":17,"column":58},"end":{"line":17,"column":82}}],"line":17},"11":{"loc":{"start":{"line":17,"column":58},"end":{"line":17,"column":82}},"type":"cond-expr","locations":[{"start":{"line":17,"column":66},"end":{"line":17,"column":73}},{"start":{"line":17,"column":76},"end":{"line":17,"column":82}}],"line":17},"12":{"loc":{"start":{"line":18,"column":12},"end":{"line":18,"column":44}},"type":"if","locations":[{"start":{"line":18,"column":12},"end":{"line":18,"column":44}},{"start":{"line":18,"column":12},"end":{"line":18,"column":44}}],"line":18},"13":{"loc":{"start":{"line":19,"column":12},"end":{"line":30,"column":43}},"type":"switch","locations":[{"start":{"line":20,"column":16},"end":{"line":20,"column":23}},{"start":{"line":20,"column":23},"end":{"line":20,"column":43}},{"start":{"line":21,"column":16},"end":{"line":21,"column":70}},{"start":{"line":22,"column":16},"end":{"line":22,"column":61}},{"start":{"line":23,"column":16},"end":{"line":23,"column":62}},{"start":{"line":24,"column":16},"end":{"line":30,"column":42}}],"line":19},"14":{"loc":{"start":{"line":25,"column":20},"end":{"line":25,"column":125}},"type":"if","locations":[{"start":{"line":25,"column":20},"end":{"line":25,"column":125}},{"start":{"line":25,"column":20},"end":{"line":25,"column":125}}],"line":25},"15":{"loc":{"start":{"line":25,"column":24},"end":{"line":25,"column":106}},"type":"binary-expr","locations":[{"start":{"line":25,"column":24},"end":{"line":25,"column":74}},{"start":{"line":25,"column":79},"end":{"line":25,"column":90}},{"start":{"line":25,"column":94},"end":{"line":25,"column":105}}],"line":25},"16":{"loc":{"start":{"line":25,"column":42},"end":{"line":25,"column":73}},"type":"binary-expr","locations":[{"start":{"line":25,"column":42},"end":{"line":25,"column":54}},{"start":{"line":25,"column":58},"end":{"line":25,"column":73}}],"line":25},"17":{"loc":{"start":{"line":26,"column":20},"end":{"line":26,"column":101}},"type":"if","locations":[{"start":{"line":26,"column":20},"end":{"line":26,"column":101}},{"start":{"line":26,"column":20},"end":{"line":26,"column":101}}],"line":26},"18":{"loc":{"start":{"line":26,"column":24},"end":{"line":26,"column":75}},"type":"binary-expr","locations":[{"start":{"line":26,"column":24},"end":{"line":26,"column":35}},{"start":{"line":26,"column":40},"end":{"line":26,"column":42}},{"start":{"line":26,"column":46},"end":{"line":26,"column":58}},{"start":{"line":26,"column":62},"end":{"line":26,"column":74}}],"line":26},"19":{"loc":{"start":{"line":27,"column":20},"end":{"line":27,"column":85}},"type":"if","locations":[{"start":{"line":27,"column":20},"end":{"line":27,"column":85}},{"start":{"line":27,"column":20},"end":{"line":27,"column":85}}],"line":27},"20":{"loc":{"start":{"line":27,"column":24},"end":{"line":27,"column":53}},"type":"binary-expr","locations":[{"start":{"line":27,"column":24},"end":{"line":27,"column":35}},{"start":{"line":27,"column":39},"end":{"line":27,"column":53}}],"line":27},"21":{"loc":{"start":{"line":28,"column":20},"end":{"line":28,"column":83}},"type":"if","locations":[{"start":{"line":28,"column":20},"end":{"line":28,"column":83}},{"start":{"line":28,"column":20},"end":{"line":28,"column":83}}],"line":28},"22":{"loc":{"start":{"line":28,"column":24},"end":{"line":28,"column":43}},"type":"binary-expr","locations":[{"start":{"line":28,"column":24},"end":{"line":28,"column":25}},{"start":{"line":28,"column":29},"end":{"line":28,"column":43}}],"line":28},"23":{"loc":{"start":{"line":29,"column":20},"end":{"line":29,"column":42}},"type":"if","locations":[{"start":{"line":29,"column":20},"end":{"line":29,"column":42}},{"start":{"line":29,"column":20},"end":{"line":29,"column":42}}],"line":29},"24":{"loc":{"start":{"line":34,"column":8},"end":{"line":34,"column":35}},"type":"if","locations":[{"start":{"line":34,"column":8},"end":{"line":34,"column":35}},{"start":{"line":34,"column":8},"end":{"line":34,"column":35}}],"line":34},"25":{"loc":{"start":{"line":34,"column":51},"end":{"line":34,"column":73}},"type":"cond-expr","locations":[{"start":{"line":34,"column":59},"end":{"line":34,"column":64}},{"start":{"line":34,"column":67},"end":{"line":34,"column":73}}],"line":34}},"s":{"0":0,"1":0,"2":0,"3":0,"4":0,"5":0,"6":0,"7":0,"8":0,"9":0,"10":0,"11":0,"12":0,"13":0,"14":0,"15":0,"16":0,"17":0,"18":0,"19":0,"20":0,"21":0,"22":0,"23":0,"24":0,"25":0,"26":0,"27":0,"28":0,"29":0,"30":0,"31":0,"32":0,"33":0,"34":0,"35":0,"36":0,"37":0,"38":0,"39":0,"40":0,"41":0,"42":0,"43":0,"44":0,"45":0,"46":0,"47":0,"48":0,"49":0,"50":0,"51":0,"52":0,"53":0,"54":0,"55":0,"56":0,"57":0,"58":0,"59":0,"60":0,"61":0,"62":0,"63":0,"64":0,"65":0,"66":0,"67":0,"68":0,"69":0,"70":0,"71":0,"72":0,"73":0,"74":0,"75":0},"f":{"0":0,"1":0,"2":0,"3":0,"4":0,"5":0,"6":0,"7":0,"8":0,"9":0,"10":0,"11":0,"12":0,"13":0,"14":0,"15":0,"16":0,"17":0},"b":{"0":[0,0,0],"1":[0,0],"2":[0,0],"3":[0,0],"4":[0,0,0],"5":[0,0],"6":[0,0],"7":[0,0],"8":[0,0],"9":[0,0,0],"10":[0,0],"11":[0,0],"12":[0,0],"13":[0,0,0,0,0,0],"14":[0,0],"15":[0,0,0],"16":[0,0],"17":[0,0],"18":[0,0,0,0],"19":[0,0],"20":[0,0],"21":[0,0],"22":[0,0],"23":[0,0],"24":[0,0],"25":[0,0]}}
,"/Users/joatin/GitHub/eventific/packages/rest-transport/src/index.ts": {"path":"/Users/joatin/GitHub/eventific/packages/rest-transport/src/index.ts","statementMap":{"0":{"start":{"line":1,"column":13},"end":{"line":1,"column":625}},"1":{"start":{"line":1,"column":625},"end":{"line":1,"column":638}},"2":{"start":{"line":2,"column":0},"end":{"line":2,"column":62}},"3":{"start":{"line":3,"column":22},"end":{"line":3,"column":48}},"4":{"start":{"line":4,"column":0},"end":{"line":4,"column":54}}},"fnMap":{},"branchMap":{},"s":{"0":0,"1":0,"2":0,"3":0,"4":0},"f":{},"b":{}}
,"/Users/joatin/GitHub/eventific/packages/saga/src/Saga.ts": {"path":"/Users/joatin/GitHub/eventific/packages/saga/src/Saga.ts","statementMap":{"0":{"start":{"line":1,"column":13},"end":{"line":1,"column":2218}},"1":{"start":{"line":1,"column":2218},"end":{"line":1,"column":2231}},"2":{"start":{"line":2,"column":16},"end":{"line":11,"column":3}},"3":{"start":{"line":3,"column":24},"end":{"line":5,"column":76}},"4":{"start":{"line":4,"column":59},"end":{"line":4,"column":75}},"5":{"start":{"line":5,"column":21},"end":{"line":5,"column":75}},"6":{"start":{"line":5,"column":38},"end":{"line":5,"column":75}},"7":{"start":{"line":5,"column":63},"end":{"line":5,"column":75}},"8":{"start":{"line":6,"column":4},"end":{"line":10,"column":6}},"9":{"start":{"line":7,"column":8},"end":{"line":7,"column":28}},"10":{"start":{"line":8,"column":23},"end":{"line":8,"column":44}},"11":{"start":{"line":9,"column":8},"end":{"line":9,"column":93}},"12":{"start":{"line":12,"column":0},"end":{"line":12,"column":62}},"13":{"start":{"line":14,"column":4},"end":{"line":27,"column":6}},"14":{"start":{"line":15,"column":8},"end":{"line":25,"column":11}},"15":{"start":{"line":16,"column":12},"end":{"line":16,"column":39}},"16":{"start":{"line":18,"column":28},"end":{"line":18,"column":84}},"17":{"start":{"line":19,"column":16},"end":{"line":19,"column":42}},"18":{"start":{"line":20,"column":16},"end":{"line":20,"column":29}},"19":{"start":{"line":22,"column":12},"end":{"line":22,"column":27}},"20":{"start":{"line":29,"column":0},"end":{"line":29,"column":20}}},"fnMap":{"0":{"name":"(anonymous_0)","decl":{"start":{"line":2,"column":42},"end":{"line":2,"column":43}},"loc":{"start":{"line":2,"column":54},"end":{"line":11,"column":1}},"line":2},"1":{"name":"(anonymous_1)","decl":{"start":{"line":4,"column":42},"end":{"line":4,"column":43}},"loc":{"start":{"line":4,"column":58},"end":{"line":4,"column":76}},"line":4},"2":{"name":"(anonymous_2)","decl":{"start":{"line":5,"column":4},"end":{"line":5,"column":5}},"loc":{"start":{"line":5,"column":20},"end":{"line":5,"column":76}},"line":5},"3":{"name":"(anonymous_3)","decl":{"start":{"line":6,"column":11},"end":{"line":6,"column":12}},"loc":{"start":{"line":6,"column":27},"end":{"line":10,"column":5}},"line":6},"4":{"name":"__","decl":{"start":{"line":8,"column":17},"end":{"line":8,"column":19}},"loc":{"start":{"line":8,"column":22},"end":{"line":8,"column":45}},"line":8},"5":{"name":"Saga","decl":{"start":{"line":13,"column":9},"end":{"line":13,"column":13}},"loc":{"start":{"line":13,"column":23},"end":{"line":28,"column":1}},"line":13},"6":{"name":"(anonymous_6)","decl":{"start":{"line":14,"column":11},"end":{"line":14,"column":12}},"loc":{"start":{"line":14,"column":34},"end":{"line":27,"column":5}},"line":14},"7":{"name":"(anonymous_7)","decl":{"start":{"line":15,"column":33},"end":{"line":15,"column":34}},"loc":{"start":{"line":15,"column":51},"end":{"line":23,"column":9}},"line":15},"8":{"name":"class_1","decl":{"start":{"line":17,"column":21},"end":{"line":17,"column":28}},"loc":{"start":{"line":17,"column":31},"end":{"line":21,"column":13}},"line":17}},"branchMap":{"0":{"loc":{"start":{"line":2,"column":16},"end":{"line":11,"column":3}},"type":"binary-expr","locations":[{"start":{"line":2,"column":16},"end":{"line":2,"column":20}},{"start":{"line":2,"column":24},"end":{"line":2,"column":38}},{"start":{"line":2,"column":42},"end":{"line":11,"column":3}}],"line":2},"1":{"loc":{"start":{"line":3,"column":24},"end":{"line":5,"column":76}},"type":"binary-expr","locations":[{"start":{"line":3,"column":24},"end":{"line":3,"column":45}},{"start":{"line":4,"column":4},"end":{"line":4,"column":38}},{"start":{"line":4,"column":42},"end":{"line":4,"column":76}},{"start":{"line":5,"column":4},"end":{"line":5,"column":76}}],"line":3},"2":{"loc":{"start":{"line":5,"column":38},"end":{"line":5,"column":75}},"type":"if","locations":[{"start":{"line":5,"column":38},"end":{"line":5,"column":75}},{"start":{"line":5,"column":38},"end":{"line":5,"column":75}}],"line":5},"3":{"loc":{"start":{"line":9,"column":22},"end":{"line":9,"column":92}},"type":"cond-expr","locations":[{"start":{"line":9,"column":35},"end":{"line":9,"column":51}},{"start":{"line":9,"column":55},"end":{"line":9,"column":91}}],"line":9},"4":{"loc":{"start":{"line":18,"column":28},"end":{"line":18,"column":84}},"type":"binary-expr","locations":[{"start":{"line":18,"column":28},"end":{"line":18,"column":43}},{"start":{"line":18,"column":47},"end":{"line":18,"column":76}},{"start":{"line":18,"column":80},"end":{"line":18,"column":84}}],"line":18}},"s":{"0":0,"1":0,"2":0,"3":0,"4":0,"5":0,"6":0,"7":0,"8":0,"9":0,"10":0,"11":0,"12":0,"13":0,"14":0,"15":0,"16":0,"17":0,"18":0,"19":0,"20":0},"f":{"0":0,"1":0,"2":0,"3":0,"4":0,"5":0,"6":0,"7":0,"8":0},"b":{"0":[0,0,0],"1":[0,0,0,0],"2":[0,0],"3":[0,0],"4":[0,0,0]}}
,"/Users/joatin/GitHub/eventific/packages/saga/src/index.ts": {"path":"/Users/joatin/GitHub/eventific/packages/saga/src/index.ts","statementMap":{"0":{"start":{"line":1,"column":0},"end":{"line":1,"column":298}}},"fnMap":{},"branchMap":{},"s":{"0":0},"f":{},"b":{}}
}
