{"/Users/joatin/GitHub/eventific/packages/command/src/CommandManager.ts": {"path":"/Users/joatin/GitHub/eventific/packages/command/src/CommandManager.ts","statementMap":{"0":{"start":{"line":13,"column":2},"end":{"line":36,"column":4}},"1":{"start":{"line":14,"column":4},"end":{"line":35,"column":6}},"2":{"start":{"line":14,"column":25},"end":{"line":14,"column":36}},"3":{"start":{"line":14,"column":11},"end":{"line":35,"column":4}},"4":{"start":{"line":20,"column":6},"end":{"line":20,"column":29}},"5":{"start":{"line":16,"column":13},"end":{"line":18,"column":7}},"6":{"start":{"line":17,"column":8},"end":{"line":17,"column":31}},"7":{"start":{"line":22,"column":12},"end":{"line":31,"column":7}},"8":{"start":{"line":23,"column":11},"end":{"line":23,"column":22}},"9":{"start":{"line":24,"column":10},"end":{"line":24,"column":29}},"10":{"start":{"line":24,"column":10},"end":{"line":24,"column":30}},"11":{"start":{"line":26,"column":8},"end":{"line":30,"column":9}},"12":{"start":{"line":26,"column":16},"end":{"line":26,"column":25}},"13":{"start":{"line":27,"column":10},"end":{"line":29,"column":13}},"14":{"start":{"line":28,"column":12},"end":{"line":28,"column":55}},"15":{"start":{"line":28,"column":12},"end":{"line":28,"column":56}},"16":{"start":{"line":35,"column":4},"end":{"line":35,"column":5}},"17":{"start":{"line":11,"column":0},"end":{"line":37,"column":1}}},"fnMap":{"0":{"name":"CommandManager","decl":{"start":{"line":11,"column":0},"end":{"line":11,"column":30}},"loc":{"start":{"line":11,"column":61},"end":{"line":37,"column":1}}},"1":{"name":"(anonymous_18)","decl":{"start":{"line":13,"column":9},"end":{"line":13,"column":46}},"loc":{"start":{"line":13,"column":61},"end":{"line":36,"column":3}}},"2":{"name":"(anonymous_19)","decl":{"start":{"line":14,"column":10},"end":{"line":null,"column":-1}},"loc":{"start":{"line":14,"column":10},"end":{"line":14,"column":11}}},"3":{"name":"class_1","decl":{"start":{"line":14,"column":11},"end":{"line":null,"column":-1}},"loc":{"start":{"line":14,"column":11},"end":{"line":35,"column":5}}},"4":{"name":"(anonymous_21)","decl":{"start":{"line":16,"column":6},"end":{"line":null,"column":-1}},"loc":{"start":{"line":16,"column":6},"end":{"line":18,"column":7}}},"5":{"name":"(anonymous_22)","decl":{"start":{"line":22,"column":6},"end":{"line":null,"column":-1}},"loc":{"start":{"line":22,"column":6},"end":{"line":31,"column":7}}},"6":{"name":"(anonymous_25)","decl":{"start":{"line":27,"column":30},"end":{"line":27,"column":36}},"loc":{"start":{"line":27,"column":45},"end":{"line":29,"column":11}}}},"branchMap":{"0":{"loc":{"start":{"line":14,"column":11},"end":{"line":35,"column":4}},"type":"binary-expr","locations":[{"start":{"line":14,"column":11},"end":{"line":35,"column":4}},{"start":{"line":14,"column":11},"end":{"line":35,"column":4}},{"start":{"line":14,"column":11},"end":{"line":35,"column":4}}]}},"s":{"0":0,"1":0,"2":0,"3":0,"4":0,"5":0,"6":0,"7":0,"8":0,"9":0,"10":0,"11":0,"12":0,"13":0,"14":0,"15":0,"16":0,"17":1},"f":{"0":0,"1":0,"2":0,"3":0,"4":0,"5":0,"6":0},"b":{"0":[0,0,0]}}
,"/Users/joatin/GitHub/eventific/packages/core/src/Aggregate.ts": {"path":"/Users/joatin/GitHub/eventific/packages/core/src/Aggregate.ts","statementMap":{"0":{"start":{"line":1,"column":0},"end":{"line":1,"column":26}},"1":{"start":{"line":5,"column":0},"end":{"line":5,"column":71}},"2":{"start":{"line":15,"column":2},"end":{"line":51,"column":4}},"3":{"start":{"line":16,"column":4},"end":{"line":50,"column":6}},"4":{"start":{"line":16,"column":25},"end":{"line":16,"column":36}},"5":{"start":{"line":16,"column":11},"end":{"line":50,"column":4}},"6":{"start":{"line":18,"column":6},"end":{"line":18,"column":26}},"7":{"start":{"line":19,"column":6},"end":{"line":19,"column":135}},"8":{"start":{"line":19,"column":117},"end":{"line":19,"column":132}},"9":{"start":{"line":20,"column":6},"end":{"line":20,"column":126}},"10":{"start":{"line":20,"column":110},"end":{"line":20,"column":123}},"11":{"start":{"line":22,"column":12},"end":{"line":33,"column":7}},"12":{"start":{"line":23,"column":40},"end":{"line":23,"column":83}},"13":{"start":{"line":23,"column":14},"end":{"line":23,"column":83}},"14":{"start":{"line":25,"column":14},"end":{"line":25,"column":80}},"15":{"start":{"line":26,"column":11},"end":{"line":26,"column":22}},"16":{"start":{"line":27,"column":16},"end":{"line":27,"column":55}},"17":{"start":{"line":28,"column":25},"end":{"line":28,"column":64}},"18":{"start":{"line":28,"column":16},"end":{"line":28,"column":64}},"19":{"start":{"line":29,"column":10},"end":{"line":29,"column":68}},"20":{"start":{"line":29,"column":10},"end":{"line":29,"column":69}},"21":{"start":{"line":31,"column":10},"end":{"line":31,"column":65}},"22":{"start":{"line":35,"column":12},"end":{"line":37,"column":7}},"23":{"start":{"line":36,"column":8},"end":{"line":36,"column":39}},"24":{"start":{"line":39,"column":12},"end":{"line":49,"column":7}},"25":{"start":{"line":40,"column":8},"end":{"line":48,"column":11}},"26":{"start":{"line":41,"column":10},"end":{"line":47,"column":12}},"27":{"start":{"line":42,"column":12},"end":{"line":46,"column":13}},"28":{"start":{"line":43,"column":14},"end":{"line":43,"column":28}},"29":{"start":{"line":45,"column":14},"end":{"line":45,"column":31}},"30":{"start":{"line":50,"column":4},"end":{"line":50,"column":5}},"31":{"start":{"line":14,"column":0},"end":{"line":52,"column":1}}},"fnMap":{"0":{"name":"Aggregate","decl":{"start":{"line":14,"column":0},"end":{"line":14,"column":25}},"loc":{"start":{"line":14,"column":51},"end":{"line":52,"column":1}}},"1":{"name":"(anonymous_18)","decl":{"start":{"line":15,"column":9},"end":{"line":15,"column":46}},"loc":{"start":{"line":15,"column":61},"end":{"line":51,"column":3}}},"2":{"name":"(anonymous_19)","decl":{"start":{"line":16,"column":10},"end":{"line":null,"column":-1}},"loc":{"start":{"line":16,"column":10},"end":{"line":16,"column":11}}},"3":{"name":"class_1","decl":{"start":{"line":16,"column":11},"end":{"line":null,"column":-1}},"loc":{"start":{"line":16,"column":11},"end":{"line":50,"column":5}}},"4":{"name":"(anonymous_21)","decl":{"start":{"line":19,"column":110},"end":{"line":19,"column":109}},"loc":{"start":{"line":19,"column":113},"end":{"line":19,"column":132}}},"5":{"name":"(anonymous_22)","decl":{"start":{"line":20,"column":104},"end":{"line":20,"column":103}},"loc":{"start":{"line":20,"column":106},"end":{"line":20,"column":123}}},"6":{"name":"(anonymous_23)","decl":{"start":{"line":22,"column":6},"end":{"line":22,"column":26}},"loc":{"start":{"line":22,"column":57},"end":{"line":33,"column":7}}},"7":{"name":"(anonymous_26)","decl":{"start":{"line":35,"column":6},"end":{"line":35,"column":23}},"loc":{"start":{"line":35,"column":43},"end":{"line":37,"column":7}}},"8":{"name":"(anonymous_29)","decl":{"start":{"line":39,"column":6},"end":{"line":39,"column":28}},"loc":{"start":{"line":39,"column":48},"end":{"line":49,"column":7}}},"9":{"name":"(anonymous_32)","decl":{"start":{"line":40,"column":27},"end":{"line":40,"column":27}},"loc":{"start":{"line":40,"column":43},"end":{"line":48,"column":9}}},"10":{"name":"(anonymous_33)","decl":{"start":{"line":41,"column":54},"end":{"line":41,"column":54}},"loc":{"start":{"line":41,"column":69},"end":{"line":47,"column":11}}}},"branchMap":{"0":{"loc":{"start":{"line":16,"column":11},"end":{"line":50,"column":4}},"type":"binary-expr","locations":[{"start":{"line":16,"column":11},"end":{"line":50,"column":4}},{"start":{"line":16,"column":11},"end":{"line":50,"column":4}},{"start":{"line":16,"column":11},"end":{"line":50,"column":4}}]},"1":{"loc":{"start":{"line":42,"column":12},"end":{"line":46,"column":13}},"type":"if","locations":[{"start":{"line":42,"column":12},"end":{"line":46,"column":13}},{"start":{"line":42,"column":12},"end":{"line":46,"column":13}}]}},"s":{"0":1,"1":1,"2":1,"3":1,"4":1,"5":0,"6":0,"7":0,"8":0,"9":0,"10":0,"11":1,"12":0,"13":0,"14":0,"15":0,"16":0,"17":0,"18":0,"19":0,"20":0,"21":0,"22":1,"23":0,"24":1,"25":0,"26":0,"27":0,"28":0,"29":0,"30":1,"31":1},"f":{"0":1,"1":1,"2":1,"3":0,"4":0,"5":0,"6":0,"7":0,"8":0,"9":0,"10":0},"b":{"0":[0,0,0],"1":[0,0]}}
,"/Users/joatin/GitHub/eventific/packages/core/src/Command.ts": {"path":"/Users/joatin/GitHub/eventific/packages/core/src/Command.ts","statementMap":{"0":{"start":{"line":4,"column":0},"end":{"line":10,"column":0}},"1":{"start":{"line":10,"column":0},"end":{"line":10,"column":1}},"2":{"start":{"line":4,"column":22},"end":{"line":4,"column":33}},"3":{"start":{"line":17,"column":2},"end":{"line":22,"column":4}},"4":{"start":{"line":18,"column":4},"end":{"line":21,"column":6}},"5":{"start":{"line":18,"column":25},"end":{"line":18,"column":36}},"6":{"start":{"line":18,"column":11},"end":{"line":21,"column":4}},"7":{"start":{"line":20,"column":6},"end":{"line":20,"column":26}},"8":{"start":{"line":21,"column":4},"end":{"line":21,"column":5}},"9":{"start":{"line":16,"column":0},"end":{"line":23,"column":1}}},"fnMap":{"0":{"name":"(anonymous_5)","decl":{"start":{"line":4,"column":0},"end":{"line":null,"column":-1}},"loc":{"start":{"line":4,"column":0},"end":{"line":4,"column":-1}}},"1":{"name":"Command","decl":{"start":{"line":16,"column":0},"end":{"line":16,"column":23}},"loc":{"start":{"line":16,"column":47},"end":{"line":23,"column":1}}},"2":{"name":"(anonymous_8)","decl":{"start":{"line":17,"column":9},"end":{"line":17,"column":46}},"loc":{"start":{"line":17,"column":61},"end":{"line":22,"column":3}}},"3":{"name":"(anonymous_9)","decl":{"start":{"line":18,"column":10},"end":{"line":null,"column":-1}},"loc":{"start":{"line":18,"column":10},"end":{"line":18,"column":11}}},"4":{"name":"class_1","decl":{"start":{"line":18,"column":11},"end":{"line":null,"column":-1}},"loc":{"start":{"line":18,"column":11},"end":{"line":21,"column":5}}}},"branchMap":{"0":{"loc":{"start":{"line":18,"column":11},"end":{"line":21,"column":4}},"type":"binary-expr","locations":[{"start":{"line":18,"column":11},"end":{"line":21,"column":4}},{"start":{"line":18,"column":11},"end":{"line":21,"column":4}},{"start":{"line":18,"column":11},"end":{"line":21,"column":4}}]}},"s":{"0":1,"1":1,"2":1,"3":0,"4":0,"5":0,"6":0,"7":0,"8":0,"9":1},"f":{"0":1,"1":0,"2":0,"3":0,"4":0},"b":{"0":[0,0,0]}}
,"/Users/joatin/GitHub/eventific/packages/core/src/CommandMessage.ts": {"path":"/Users/joatin/GitHub/eventific/packages/core/src/CommandMessage.ts","statementMap":{"0":{"start":{"line":1,"column":0},"end":{"line":1,"column":26}},"1":{"start":{"line":13,"column":13},"end":{"line":21,"column":3}}},"fnMap":{},"branchMap":{},"s":{"0":1,"1":1},"f":{},"b":{}}
,"/Users/joatin/GitHub/eventific/packages/core/src/Event.ts": {"path":"/Users/joatin/GitHub/eventific/packages/core/src/Event.ts","statementMap":{"0":{"start":{"line":4,"column":0},"end":{"line":11,"column":0}},"1":{"start":{"line":11,"column":0},"end":{"line":11,"column":1}},"2":{"start":{"line":4,"column":22},"end":{"line":4,"column":31}},"3":{"start":{"line":24,"column":2},"end":{"line":29,"column":4}},"4":{"start":{"line":25,"column":4},"end":{"line":28,"column":6}},"5":{"start":{"line":25,"column":25},"end":{"line":25,"column":36}},"6":{"start":{"line":25,"column":11},"end":{"line":28,"column":4}},"7":{"start":{"line":27,"column":6},"end":{"line":27,"column":26}},"8":{"start":{"line":28,"column":4},"end":{"line":28,"column":5}},"9":{"start":{"line":23,"column":0},"end":{"line":30,"column":1}}},"fnMap":{"0":{"name":"(anonymous_5)","decl":{"start":{"line":4,"column":0},"end":{"line":null,"column":-1}},"loc":{"start":{"line":4,"column":0},"end":{"line":4,"column":-1}}},"1":{"name":"Event","decl":{"start":{"line":23,"column":0},"end":{"line":23,"column":21}},"loc":{"start":{"line":23,"column":43},"end":{"line":30,"column":1}}},"2":{"name":"(anonymous_8)","decl":{"start":{"line":24,"column":9},"end":{"line":24,"column":46}},"loc":{"start":{"line":24,"column":61},"end":{"line":29,"column":3}}},"3":{"name":"(anonymous_9)","decl":{"start":{"line":25,"column":10},"end":{"line":null,"column":-1}},"loc":{"start":{"line":25,"column":10},"end":{"line":25,"column":11}}},"4":{"name":"class_1","decl":{"start":{"line":25,"column":11},"end":{"line":null,"column":-1}},"loc":{"start":{"line":25,"column":11},"end":{"line":28,"column":5}}}},"branchMap":{"0":{"loc":{"start":{"line":25,"column":11},"end":{"line":28,"column":4}},"type":"binary-expr","locations":[{"start":{"line":25,"column":11},"end":{"line":28,"column":4}},{"start":{"line":25,"column":11},"end":{"line":28,"column":4}},{"start":{"line":25,"column":11},"end":{"line":28,"column":4}}]}},"s":{"0":1,"1":1,"2":1,"3":1,"4":1,"5":1,"6":1,"7":1,"8":1,"9":1},"f":{"0":2,"1":1,"2":1,"3":1,"4":1},"b":{"0":[1,1,0]}}
,"/Users/joatin/GitHub/eventific/packages/core/src/Store.ts": {"path":"/Users/joatin/GitHub/eventific/packages/core/src/Store.ts","statementMap":{"0":{"start":{"line":1,"column":13},"end":{"line":1,"column":598}},"1":{"start":{"line":1,"column":598},"end":{"line":1,"column":611}},"2":{"start":{"line":2,"column":0},"end":{"line":2,"column":62}}},"fnMap":{},"branchMap":{},"s":{"0":0,"1":0,"2":0},"f":{},"b":{}}
,"/Users/joatin/GitHub/eventific/packages/core/src/Transport.ts": {"path":"/Users/joatin/GitHub/eventific/packages/core/src/Transport.ts","statementMap":{"0":{"start":{"line":1,"column":13},"end":{"line":1,"column":650}},"1":{"start":{"line":1,"column":650},"end":{"line":1,"column":663}},"2":{"start":{"line":2,"column":0},"end":{"line":2,"column":62}}},"fnMap":{},"branchMap":{},"s":{"0":0,"1":0,"2":0},"f":{},"b":{}}
,"/Users/joatin/GitHub/eventific/packages/core/src/bootstrap.ts": {"path":"/Users/joatin/GitHub/eventific/packages/core/src/bootstrap.ts","statementMap":{"0":{"start":{"line":1,"column":13},"end":{"line":1,"column":1363}},"1":{"start":{"line":1,"column":1363},"end":{"line":1,"column":1376}},"2":{"start":{"line":2,"column":0},"end":{"line":2,"column":62}},"3":{"start":{"line":4,"column":4},"end":{"line":9,"column":5}},"4":{"start":{"line":5,"column":8},"end":{"line":8,"column":9}},"5":{"start":{"line":6,"column":23},"end":{"line":6,"column":42}},"6":{"start":{"line":7,"column":12},"end":{"line":7,"column":26}},"7":{"start":{"line":11,"column":0},"end":{"line":11,"column":30}}},"fnMap":{"0":{"name":"bootstrap","decl":{"start":{"line":3,"column":9},"end":{"line":3,"column":18}},"loc":{"start":{"line":3,"column":25},"end":{"line":10,"column":1}},"line":3}},"branchMap":{"0":{"loc":{"start":{"line":4,"column":4},"end":{"line":9,"column":5}},"type":"if","locations":[{"start":{"line":4,"column":4},"end":{"line":9,"column":5}},{"start":{"line":4,"column":4},"end":{"line":9,"column":5}}],"line":4},"1":{"loc":{"start":{"line":4,"column":8},"end":{"line":4,"column":72}},"type":"binary-expr","locations":[{"start":{"line":4,"column":8},"end":{"line":4,"column":17}},{"start":{"line":4,"column":21},"end":{"line":4,"column":38}},{"start":{"line":4,"column":42},"end":{"line":4,"column":72}}],"line":4},"2":{"loc":{"start":{"line":5,"column":8},"end":{"line":8,"column":9}},"type":"if","locations":[{"start":{"line":5,"column":8},"end":{"line":8,"column":9}},{"start":{"line":5,"column":8},"end":{"line":8,"column":9}}],"line":5}},"s":{"0":0,"1":0,"2":0,"3":0,"4":0,"5":0,"6":0,"7":0},"f":{"0":0},"b":{"0":[0,0],"1":[0,0,0],"2":[0,0]}}
,"/Users/joatin/GitHub/eventific/packages/core/src/index.ts": {"path":"/Users/joatin/GitHub/eventific/packages/core/src/index.ts","statementMap":{"0":{"start":{"line":1,"column":13},"end":{"line":1,"column":1252}},"1":{"start":{"line":1,"column":1252},"end":{"line":1,"column":1265}},"2":{"start":{"line":2,"column":0},"end":{"line":2,"column":62}},"3":{"start":{"line":3,"column":14},"end":{"line":3,"column":32}},"4":{"start":{"line":4,"column":0},"end":{"line":4,"column":30}},"5":{"start":{"line":5,"column":18},"end":{"line":5,"column":40}},"6":{"start":{"line":6,"column":0},"end":{"line":6,"column":42}},"7":{"start":{"line":7,"column":18},"end":{"line":7,"column":40}},"8":{"start":{"line":8,"column":0},"end":{"line":8,"column":42}},"9":{"start":{"line":9,"column":18},"end":{"line":9,"column":40}},"10":{"start":{"line":10,"column":0},"end":{"line":10,"column":42}},"11":{"start":{"line":11,"column":0},"end":{"line":11,"column":56}}},"fnMap":{},"branchMap":{},"s":{"0":0,"1":0,"2":0,"3":0,"4":0,"5":0,"6":0,"7":0,"8":0,"9":0,"10":0,"11":0},"f":{},"b":{}}
,"/Users/joatin/GitHub/eventific/packages/rest-transport/src/RestTransport.ts": {"path":"/Users/joatin/GitHub/eventific/packages/rest-transport/src/RestTransport.ts","statementMap":{"0":{"start":{"line":1,"column":13},"end":{"line":1,"column":1561}},"1":{"start":{"line":1,"column":1561},"end":{"line":1,"column":1574}},"2":{"start":{"line":2,"column":16},"end":{"line":11,"column":3}},"3":{"start":{"line":3,"column":24},"end":{"line":5,"column":76}},"4":{"start":{"line":4,"column":59},"end":{"line":4,"column":75}},"5":{"start":{"line":5,"column":21},"end":{"line":5,"column":75}},"6":{"start":{"line":5,"column":38},"end":{"line":5,"column":75}},"7":{"start":{"line":5,"column":63},"end":{"line":5,"column":75}},"8":{"start":{"line":6,"column":4},"end":{"line":10,"column":6}},"9":{"start":{"line":7,"column":8},"end":{"line":7,"column":28}},"10":{"start":{"line":8,"column":23},"end":{"line":8,"column":44}},"11":{"start":{"line":9,"column":8},"end":{"line":9,"column":93}},"12":{"start":{"line":12,"column":0},"end":{"line":12,"column":62}},"13":{"start":{"line":13,"column":13},"end":{"line":13,"column":39}},"14":{"start":{"line":14,"column":33},"end":{"line":20,"column":19}},"15":{"start":{"line":15,"column":4},"end":{"line":15,"column":37}},"16":{"start":{"line":17,"column":8},"end":{"line":17,"column":72}},"17":{"start":{"line":19,"column":4},"end":{"line":19,"column":25}},"18":{"start":{"line":21,"column":0},"end":{"line":21,"column":38}}},"fnMap":{"0":{"name":"(anonymous_0)","decl":{"start":{"line":2,"column":42},"end":{"line":2,"column":43}},"loc":{"start":{"line":2,"column":54},"end":{"line":11,"column":1}},"line":2},"1":{"name":"(anonymous_1)","decl":{"start":{"line":4,"column":42},"end":{"line":4,"column":43}},"loc":{"start":{"line":4,"column":58},"end":{"line":4,"column":76}},"line":4},"2":{"name":"(anonymous_2)","decl":{"start":{"line":5,"column":4},"end":{"line":5,"column":5}},"loc":{"start":{"line":5,"column":20},"end":{"line":5,"column":76}},"line":5},"3":{"name":"(anonymous_3)","decl":{"start":{"line":6,"column":11},"end":{"line":6,"column":12}},"loc":{"start":{"line":6,"column":27},"end":{"line":10,"column":5}},"line":6},"4":{"name":"__","decl":{"start":{"line":8,"column":17},"end":{"line":8,"column":19}},"loc":{"start":{"line":8,"column":22},"end":{"line":8,"column":45}},"line":8},"5":{"name":"(anonymous_5)","decl":{"start":{"line":14,"column":33},"end":{"line":14,"column":34}},"loc":{"start":{"line":14,"column":51},"end":{"line":20,"column":1}},"line":14},"6":{"name":"RestTransport","decl":{"start":{"line":16,"column":13},"end":{"line":16,"column":26}},"loc":{"start":{"line":16,"column":29},"end":{"line":18,"column":5}},"line":16}},"branchMap":{"0":{"loc":{"start":{"line":2,"column":16},"end":{"line":11,"column":3}},"type":"binary-expr","locations":[{"start":{"line":2,"column":16},"end":{"line":2,"column":20}},{"start":{"line":2,"column":24},"end":{"line":2,"column":38}},{"start":{"line":2,"column":42},"end":{"line":11,"column":3}}],"line":2},"1":{"loc":{"start":{"line":3,"column":24},"end":{"line":5,"column":76}},"type":"binary-expr","locations":[{"start":{"line":3,"column":24},"end":{"line":3,"column":45}},{"start":{"line":4,"column":4},"end":{"line":4,"column":38}},{"start":{"line":4,"column":42},"end":{"line":4,"column":76}},{"start":{"line":5,"column":4},"end":{"line":5,"column":76}}],"line":3},"2":{"loc":{"start":{"line":5,"column":38},"end":{"line":5,"column":75}},"type":"if","locations":[{"start":{"line":5,"column":38},"end":{"line":5,"column":75}},{"start":{"line":5,"column":38},"end":{"line":5,"column":75}}],"line":5},"3":{"loc":{"start":{"line":9,"column":22},"end":{"line":9,"column":92}},"type":"cond-expr","locations":[{"start":{"line":9,"column":35},"end":{"line":9,"column":51}},{"start":{"line":9,"column":55},"end":{"line":9,"column":91}}],"line":9},"4":{"loc":{"start":{"line":17,"column":15},"end":{"line":17,"column":71}},"type":"binary-expr","locations":[{"start":{"line":17,"column":15},"end":{"line":17,"column":30}},{"start":{"line":17,"column":34},"end":{"line":17,"column":63}},{"start":{"line":17,"column":67},"end":{"line":17,"column":71}}],"line":17}},"s":{"0":0,"1":0,"2":0,"3":0,"4":0,"5":0,"6":0,"7":0,"8":0,"9":0,"10":0,"11":0,"12":0,"13":0,"14":0,"15":0,"16":0,"17":0,"18":0},"f":{"0":0,"1":0,"2":0,"3":0,"4":0,"5":0,"6":0},"b":{"0":[0,0,0],"1":[0,0,0,0],"2":[0,0],"3":[0,0],"4":[0,0,0]}}
,"/Users/joatin/GitHub/eventific/packages/rest-transport/src/index.ts": {"path":"/Users/joatin/GitHub/eventific/packages/rest-transport/src/index.ts","statementMap":{"0":{"start":{"line":1,"column":13},"end":{"line":1,"column":625}},"1":{"start":{"line":1,"column":625},"end":{"line":1,"column":638}},"2":{"start":{"line":2,"column":0},"end":{"line":2,"column":62}},"3":{"start":{"line":3,"column":22},"end":{"line":3,"column":48}},"4":{"start":{"line":4,"column":0},"end":{"line":4,"column":54}}},"fnMap":{},"branchMap":{},"s":{"0":0,"1":0,"2":0,"3":0,"4":0},"f":{},"b":{}}
,"/Users/joatin/GitHub/eventific/packages/saga/src/Saga.ts": {"path":"/Users/joatin/GitHub/eventific/packages/saga/src/Saga.ts","statementMap":{"0":{"start":{"line":9,"column":2},"end":{"line":14,"column":4}},"1":{"start":{"line":10,"column":4},"end":{"line":13,"column":6}},"2":{"start":{"line":10,"column":25},"end":{"line":10,"column":36}},"3":{"start":{"line":10,"column":11},"end":{"line":13,"column":4}},"4":{"start":{"line":12,"column":6},"end":{"line":12,"column":26}},"5":{"start":{"line":13,"column":4},"end":{"line":13,"column":5}},"6":{"start":{"line":8,"column":0},"end":{"line":15,"column":1}}},"fnMap":{"0":{"name":"Saga","decl":{"start":{"line":8,"column":0},"end":{"line":8,"column":20}},"loc":{"start":{"line":8,"column":41},"end":{"line":15,"column":1}}},"1":{"name":"(anonymous_6)","decl":{"start":{"line":9,"column":9},"end":{"line":9,"column":46}},"loc":{"start":{"line":9,"column":61},"end":{"line":14,"column":3}}},"2":{"name":"(anonymous_7)","decl":{"start":{"line":10,"column":10},"end":{"line":null,"column":-1}},"loc":{"start":{"line":10,"column":10},"end":{"line":10,"column":11}}},"3":{"name":"class_1","decl":{"start":{"line":10,"column":11},"end":{"line":null,"column":-1}},"loc":{"start":{"line":10,"column":11},"end":{"line":13,"column":5}}}},"branchMap":{"0":{"loc":{"start":{"line":10,"column":11},"end":{"line":13,"column":4}},"type":"binary-expr","locations":[{"start":{"line":10,"column":11},"end":{"line":13,"column":4}},{"start":{"line":10,"column":11},"end":{"line":13,"column":4}},{"start":{"line":10,"column":11},"end":{"line":13,"column":4}}]}},"s":{"0":1,"1":0,"2":0,"3":0,"4":0,"5":0,"6":1},"f":{"0":1,"1":0,"2":0,"3":0},"b":{"0":[0,0,0]}}
,"/Users/joatin/GitHub/eventific/packages/saga/src/index.ts": {"path":"/Users/joatin/GitHub/eventific/packages/saga/src/index.ts","statementMap":{"0":{"start":{"line":1,"column":0},"end":{"line":1,"column":298}}},"fnMap":{},"branchMap":{},"s":{"0":0},"f":{},"b":{}}
}
