TN:
SF:/Users/joatin/GitHub/eventific/packages/command/src/CommandManager.ts
FN:11,CommandManager
FN:13,(anonymous_18)
FN:14,(anonymous_19)
FN:14,class_1
FN:16,(anonymous_21)
FN:22,(anonymous_22)
FN:27,(anonymous_25)
FNF:7
FNH:0
FNDA:0,CommandManager
FNDA:0,(anonymous_18)
FNDA:0,(anonymous_19)
FNDA:0,class_1
FNDA:0,(anonymous_21)
FNDA:0,(anonymous_22)
FNDA:0,(anonymous_25)
DA:11,1
DA:13,0
DA:14,0
DA:16,0
DA:17,0
DA:20,0
DA:22,0
DA:23,0
DA:24,0
DA:26,0
DA:27,0
DA:28,0
DA:35,0
LF:13
LH:1
BRDA:14,0,0,0
BRDA:14,0,1,0
BRDA:14,0,2,0
BRF:3
BRH:0
end_of_record
TN:
SF:/Users/joatin/GitHub/eventific/packages/core/src/Aggregate.ts
FN:14,Aggregate
FN:15,(anonymous_18)
FN:16,(anonymous_19)
FN:16,class_1
FN:19,(anonymous_21)
FN:20,(anonymous_22)
FN:22,(anonymous_23)
FN:35,(anonymous_26)
FN:39,(anonymous_29)
FN:40,(anonymous_32)
FN:41,(anonymous_33)
FNF:11
FNH:3
FNDA:1,Aggregate
FNDA:1,(anonymous_18)
FNDA:1,(anonymous_19)
FNDA:0,class_1
FNDA:0,(anonymous_21)
FNDA:0,(anonymous_22)
FNDA:0,(anonymous_23)
FNDA:0,(anonymous_26)
FNDA:0,(anonymous_29)
FNDA:0,(anonymous_32)
FNDA:0,(anonymous_33)
DA:1,1
DA:5,1
DA:14,1
DA:15,1
DA:16,1
DA:18,0
DA:19,0
DA:20,0
DA:22,1
DA:23,0
DA:25,0
DA:26,0
DA:27,0
DA:28,0
DA:29,0
DA:31,0
DA:35,1
DA:36,0
DA:39,1
DA:40,0
DA:41,0
DA:42,0
DA:43,0
DA:45,0
DA:50,1
LF:25
LH:9
BRDA:16,0,0,0
BRDA:16,0,1,0
BRDA:16,0,2,0
BRDA:42,1,0,0
BRDA:42,1,1,0
BRF:5
BRH:0
end_of_record
TN:
SF:/Users/joatin/GitHub/eventific/packages/core/src/Command.ts
FN:4,(anonymous_5)
FN:16,Command
FN:17,(anonymous_8)
FN:18,(anonymous_9)
FN:18,class_1
FNF:5
FNH:1
FNDA:1,(anonymous_5)
FNDA:0,Command
FNDA:0,(anonymous_8)
FNDA:0,(anonymous_9)
FNDA:0,class_1
DA:4,1
DA:10,1
DA:16,1
DA:17,0
DA:18,0
DA:20,0
DA:21,0
LF:7
LH:3
BRDA:18,0,0,0
BRDA:18,0,1,0
BRDA:18,0,2,0
BRF:3
BRH:0
end_of_record
TN:
SF:/Users/joatin/GitHub/eventific/packages/core/src/CommandMessage.ts
FNF:0
FNH:0
DA:1,1
DA:13,1
LF:2
LH:2
BRF:0
BRH:0
end_of_record
TN:
SF:/Users/joatin/GitHub/eventific/packages/core/src/Event.ts
FN:4,(anonymous_5)
FN:23,Event
FN:24,(anonymous_8)
FN:25,(anonymous_9)
FN:25,class_1
FNF:5
FNH:5
FNDA:2,(anonymous_5)
FNDA:1,Event
FNDA:1,(anonymous_8)
FNDA:1,(anonymous_9)
FNDA:1,class_1
DA:4,1
DA:11,1
DA:23,1
DA:24,1
DA:25,1
DA:27,1
DA:28,1
LF:7
LH:7
BRDA:25,0,0,1
BRDA:25,0,1,1
BRDA:25,0,2,0
BRF:3
BRH:2
end_of_record
TN:
SF:/Users/joatin/GitHub/eventific/packages/core/src/Store.ts
FNF:0
FNH:0
DA:1,0
DA:2,0
LF:2
LH:0
BRF:0
BRH:0
end_of_record
TN:
SF:/Users/joatin/GitHub/eventific/packages/core/src/Transport.ts
FNF:0
FNH:0
DA:1,0
DA:2,0
LF:2
LH:0
BRF:0
BRH:0
end_of_record
TN:
SF:/Users/joatin/GitHub/eventific/packages/core/src/bootstrap.ts
FN:3,bootstrap
FNF:1
FNH:0
FNDA:0,bootstrap
DA:1,0
DA:2,0
DA:4,0
DA:5,0
DA:6,0
DA:7,0
DA:11,0
LF:7
LH:0
BRDA:4,0,0,0
BRDA:4,0,1,0
BRDA:4,1,0,0
BRDA:4,1,1,0
BRDA:4,1,2,0
BRDA:5,2,0,0
BRDA:5,2,1,0
BRF:7
BRH:0
end_of_record
TN:
SF:/Users/joatin/GitHub/eventific/packages/core/src/index.ts
FNF:0
FNH:0
DA:1,0
DA:2,0
DA:3,0
DA:4,0
DA:5,0
DA:6,0
DA:7,0
DA:8,0
DA:9,0
DA:10,0
DA:11,0
LF:11
LH:0
BRF:0
BRH:0
end_of_record
TN:
SF:/Users/joatin/GitHub/eventific/packages/rest-transport/src/RestTransport.ts
FN:2,(anonymous_0)
FN:4,(anonymous_1)
FN:5,(anonymous_2)
FN:6,(anonymous_3)
FN:8,__
FN:14,(anonymous_5)
FN:16,RestTransport
FNF:7
FNH:0
FNDA:0,(anonymous_0)
FNDA:0,(anonymous_1)
FNDA:0,(anonymous_2)
FNDA:0,(anonymous_3)
FNDA:0,__
FNDA:0,(anonymous_5)
FNDA:0,RestTransport
DA:1,0
DA:2,0
DA:3,0
DA:4,0
DA:5,0
DA:6,0
DA:7,0
DA:8,0
DA:9,0
DA:12,0
DA:13,0
DA:14,0
DA:15,0
DA:17,0
DA:19,0
DA:21,0
LF:16
LH:0
BRDA:2,0,0,0
BRDA:2,0,1,0
BRDA:2,0,2,0
BRDA:3,1,0,0
BRDA:3,1,1,0
BRDA:3,1,2,0
BRDA:3,1,3,0
BRDA:5,2,0,0
BRDA:5,2,1,0
BRDA:9,3,0,0
BRDA:9,3,1,0
BRDA:17,4,0,0
BRDA:17,4,1,0
BRDA:17,4,2,0
BRF:14
BRH:0
end_of_record
TN:
SF:/Users/joatin/GitHub/eventific/packages/rest-transport/src/index.ts
FNF:0
FNH:0
DA:1,0
DA:2,0
DA:3,0
DA:4,0
LF:4
LH:0
BRF:0
BRH:0
end_of_record
TN:
SF:/Users/joatin/GitHub/eventific/packages/saga/src/Saga.ts
FN:8,Saga
FN:9,(anonymous_6)
FN:10,(anonymous_7)
FN:10,class_1
FNF:4
FNH:1
FNDA:1,Saga
FNDA:0,(anonymous_6)
FNDA:0,(anonymous_7)
FNDA:0,class_1
DA:8,1
DA:9,1
DA:10,0
DA:12,0
DA:13,0
LF:5
LH:2
BRDA:10,0,0,0
BRDA:10,0,1,0
BRDA:10,0,2,0
BRF:3
BRH:0
end_of_record
TN:
SF:/Users/joatin/GitHub/eventific/packages/saga/src/index.ts
FNF:0
FNH:0
DA:1,0
LF:1
LH:0
BRF:0
BRH:0
end_of_record
